# JRE version: Java(TM) SE Runtime Environment 18.9 (11.0.9+7) (build 11.0.9+7-LTS)
# Java VM: Java HotSpot(TM) 64-Bit Server VM 18.9 (11.0.9+7-LTS, mixed mode, tiered, compressed oops, g1 gc, windows-amd64)
Heap:
 garbage-first heap   total 157696K, used 24159K [0x0000000081c00000, 0x0000000100000000)
  region size 1024K, 9 young (9216K), 9 survivors (9216K)
 Metaspace       used 45649K, capacity 47020K, committed 47280K, reserved 1091584K
  class space    used 5610K, capacity 6135K, committed 6144K, reserved 1048576K
GC Heap History (10 events):
Event: 4.420 GC heap after
{Heap after GC invocations=3 (full 0):
 garbage-first heap   total 131072K, used 13310K [0x0000000081c00000, 0x0000000100000000)
  region size 1024K, 4 young (4096K), 4 survivors (4096K)
 Metaspace       used 20502K, capacity 21169K, committed 21296K, reserved 1069056K
  class space    used 2357K, capacity 2615K, committed 2688K, reserved 1048576K
}
Event: 5.186 GC heap before
{Heap before GC invocations=4 (full 0):
 garbage-first heap   total 131072K, used 81918K [0x0000000081c00000, 0x0000000100000000)
  region size 1024K, 72 young (73728K), 4 survivors (4096K)
 Metaspace       used 27660K, capacity 28566K, committed 28720K, reserved 1075200K
  class space    used 3327K, capacity 3674K, committed 3712K, reserved 1048576K
}
Event: 5.203 GC heap after
{Heap after GC invocations=5 (full 0):
 garbage-first heap   total 131072K, used 14478K [0x0000000081c00000, 0x0000000100000000)
  region size 1024K, 5 young (5120K), 5 survivors (5120K)
 Metaspace       used 27660K, capacity 28566K, committed 28720K, reserved 1075200K
  class space    used 3327K, capacity 3674K, committed 3712K, reserved 1048576K
}
Event: 5.918 GC heap before
{Heap before GC invocations=5 (full 0):
 garbage-first heap   total 131072K, used 86158K [0x0000000081c00000, 0x0000000100000000)
  region size 1024K, 76 young (77824K), 5 survivors (5120K)
 Metaspace       used 29530K, capacity 30509K, committed 30640K, reserved 1075200K
  class space    used 3592K, capacity 3981K, committed 4096K, reserved 1048576K
}
Event: 5.927 GC heap after
{Heap after GC invocations=6 (full 0):
 garbage-first heap   total 131072K, used 15950K [0x0000000081c00000, 0x0000000100000000)
  region size 1024K, 7 young (7168K), 7 survivors (7168K)
 Metaspace       used 29530K, capacity 30509K, committed 30640K, reserved 1075200K
  class space    used 3592K, capacity 3981K, committed 4096K, reserved 1048576K
}
Event: 6.946 GC heap before
{Heap before GC invocations=6 (full 0):
 garbage-first heap   total 131072K, used 76366K [0x0000000081c00000, 0x0000000100000000)
  region size 1024K, 67 young (68608K), 7 survivors (7168K)
 Metaspace       used 34599K, capacity 35698K, committed 35888K, reserved 1081344K
  class space    used 4311K, capacity 4716K, committed 4736K, reserved 1048576K
}
Event: 6.961 GC heap after
{Heap after GC invocations=7 (full 0):
 garbage-first heap   total 131072K, used 17746K [0x0000000081c00000, 0x0000000100000000)
  region size 1024K, 6 young (6144K), 6 survivors (6144K)
 Metaspace       used 34599K, capacity 35698K, committed 35888K, reserved 1081344K
  class space    used 4311K, capacity 4716K, committed 4736K, reserved 1048576K
}
Event: 7.408 GC heap before
{Heap before GC invocations=8 (full 0):
 garbage-first heap   total 131072K, used 88402K [0x0000000081c00000, 0x0000000100000000)
  region size 1024K, 76 young (77824K), 6 survivors (6144K)
 Metaspace       used 37362K, capacity 38601K, committed 38704K, reserved 1083392K
  class space    used 4666K, capacity 5155K, committed 5248K, reserved 1048576K
}
Event: 7.420 GC heap after
{Heap after GC invocations=9 (full 0):
 garbage-first heap   total 131072K, used 20012K [0x0000000081c00000, 0x0000000100000000)
  region size 1024K, 6 young (6144K), 6 survivors (6144K)
 Metaspace       used 37362K, capacity 38601K, committed 38704K, reserved 1083392K
  class space    used 4666K, capacity 5155K, committed 5248K, reserved 1048576K
}
Event: 8.802 GC heap before
{Heap before GC invocations=9 (full 0):
 garbage-first heap   total 131072K, used 90668K [0x0000000081c00000, 0x0000000100000000)
  region size 1024K, 76 young (77824K), 6 survivors (6144K)
 Metaspace       used 45649K, capacity 47020K, committed 47280K, reserved 1091584K
  class space    used 5610K, capacity 6135K, committed 6144K, reserved 1048576K
}

